C51 COMPILER V9.51   CAPSENSE_AMUXCH0                                                      11/29/2022 16:01:01 PAGE 1   


C51 COMPILER V9.51, COMPILATION OF MODULE CAPSENSE_AMUXCH0
OBJECT MODULE PLACED IN .\DP8051\DP8051_Keil_951\Debug\CapSense_AMuxCH0.obj
COMPILER INVOKED BY: C:\Program Files (x86)\Cypress\PSoC Creator\4.4\PSoC Creator\import\keil\pk51\9.51\C51\BIN\c51.exe 
                    -Generated_Source\PSoC3\CapSense_AMuxCH0.c NOIV LARGE MODDP2 OMF2 VB(1) NOIP INCDIR(.,Generated_Source\PSoC3) FF(3) DB DF
                    -(DEBUG) WL(2) PR(.\DP8051\DP8051_Keil_951\Debug/CapSense_AMuxCH0.lst) CD OT(2,SIZE) OJ(.\DP8051\DP8051_Keil_951\Debug\Ca
                    -pSense_AMuxCH0.obj)

line level    source

   1          /*******************************************************************************
   2          * File Name: CapSense_AMuxCH0.c
   3          * Version 3.50
   4          *
   5          *  Description:
   6          *    This file contains all functions required for the analog multiplexer
   7          *    CapSense_CSD_AMux User Module.
   8          *
   9          *   Note:
  10          *
  11          *******************************************************************************
  12          * Copyright 2008-2012, Cypress Semiconductor Corporation.  All rights reserved.
  13          * You may use this file only in accordance with the license, terms, conditions, 
  14          * disclaimers, and limitations in the end user license agreement accompanying 
  15          * the software package with which this file was provided.
  16          ********************************************************************************/
  17          
  18          #include "CapSense_AMuxCH0.h"
  19          
  20          uint8 CapSense_AMuxCH0_initVar = 0u;
  21          uint8 CapSense_AMuxCH0_lastChannel = CapSense_AMuxCH0_NULL_CHANNEL;
  22          
  23          
  24          /*******************************************************************************
  25          * Function Name: CapSense_AMuxCH0_Start
  26          ********************************************************************************
  27          * Summary:
  28          *  Disconnect all channels.
  29          *
  30          * Parameters:
  31          *  void
  32          *
  33          * Return:
  34          *  void
  35          *
  36          *******************************************************************************/
  37          void CapSense_AMuxCH0_Start(void)
  38          {
  39   1          CapSense_AMuxCH0_DisconnectAll();
  40   1          CapSense_AMuxCH0_initVar = 1u;
  41   1      }
  42          
  43          
  44          /*******************************************************************************
  45          * Function Name: CapSense_AMuxCH0_Init
  46          ********************************************************************************
  47          * Summary:
  48          *  Disconnect all channels.
  49          *
  50          * Parameters:
  51          *  void
  52          *
C51 COMPILER V9.51   CAPSENSE_AMUXCH0                                                      11/29/2022 16:01:01 PAGE 2   

  53          * Return:
  54          *  void
  55          *
  56          *******************************************************************************/
  57          void CapSense_AMuxCH0_Init(void)
  58          {
  59   1          CapSense_AMuxCH0_DisconnectAll();
  60   1      }
  61          
  62          
  63          /*******************************************************************************
  64          * Function Name: CapSense_AMuxCH0_Stop
  65          ********************************************************************************
  66          * Summary:
  67          *  Disconnect all channels.
  68          *
  69          * Parameters:
  70          *  void
  71          *
  72          * Return:
  73          *  void
  74          *
  75          *******************************************************************************/
  76          void CapSense_AMuxCH0_Stop(void)
  77          {
  78   1          CapSense_AMuxCH0_DisconnectAll();
  79   1      }
  80          
  81          
  82          /*******************************************************************************
  83          * Function Name: CapSense_AMuxCH0_Select
  84          ********************************************************************************
  85          * Summary:
  86          *  This functions first disconnects all channels then connects the given
  87          *  channel.
  88          *
  89          * Parameters:
  90          *  channel:  The channel to connect to the common terminal.
  91          *
  92          * Return:
  93          *  void
  94          *
  95          *******************************************************************************/
  96          void CapSense_AMuxCH0_Select(uint8 channel) CYREENTRANT
  97          {
  98   1          CapSense_AMuxCH0_DisconnectAll();        /* Disconnect all previous connections */
  99   1          CapSense_AMuxCH0_Connect(channel);       /* Make the given selection */
 100   1          CapSense_AMuxCH0_lastChannel = channel;  /* Update last channel */
 101   1      }
 102          
 103          
 104          /*******************************************************************************
 105          * Function Name: CapSense_AMuxCH0_FastSelect
 106          ********************************************************************************
 107          * Summary:
 108          *  This function first disconnects the last connection made with FastSelect or
 109          *  Select, then connects the given channel. The FastSelect function is similar
 110          *  to the Select function, except it is faster since it only disconnects the
 111          *  last channel selected rather than all channels.
 112          *
 113          * Parameters:
 114          *  channel:  The channel to connect to the common terminal.
C51 COMPILER V9.51   CAPSENSE_AMUXCH0                                                      11/29/2022 16:01:01 PAGE 3   

 115          *
 116          * Return:
 117          *  void
 118          *
 119          *******************************************************************************/
 120          void CapSense_AMuxCH0_FastSelect(uint8 channel) CYREENTRANT
 121          {
 122   1          /* Disconnect the last valid channel */
 123   1          if( CapSense_AMuxCH0_lastChannel != CapSense_AMuxCH0_NULL_CHANNEL)   /* Update last channel */
 124   1          {
 125   2              CapSense_AMuxCH0_Disconnect(CapSense_AMuxCH0_lastChannel);
 126   2          }
 127   1      
 128   1          /* Make the new channel connection */
 129   1          CapSense_AMuxCH0_Connect(channel);
 130   1          CapSense_AMuxCH0_lastChannel = channel;   /* Update last channel */
 131   1      }
 132          
 133          
 134          #if(CapSense_AMuxCH0_MUXTYPE == CapSense_AMuxCH0_MUX_DIFF)
                  /*******************************************************************************
                  * Function Name: CapSense_AMuxCH0_Connect
                  ********************************************************************************
                  * Summary:
                  *  This function connects the given channel without affecting other connections.
                  *
                  * Parameters:
                  *  channel:  The channel to connect to the common terminal.
                  *
                  * Return:
                  *  void
                  *
                  *******************************************************************************/
                  void CapSense_AMuxCH0_Connect(uint8 channel) CYREENTRANT
                  {
                      CapSense_AMuxCH0_CYAMUXSIDE_A_Set(channel);
                      CapSense_AMuxCH0_CYAMUXSIDE_B_Set(channel);
                  }
                  
                  
                  /*******************************************************************************
                  * Function Name: CapSense_AMuxCH0_Disconnect
                  ********************************************************************************
                  * Summary:
                  *  This function disconnects the given channel from the common or output
                  *  terminal without affecting other connections.
                  *
                  * Parameters:
                  *  channel:  The channel to disconnect from the common terminal.
                  *
                  * Return:
                  *  void
                  *
                  *******************************************************************************/
                  void CapSense_AMuxCH0_Disconnect(uint8 channel) CYREENTRANT
                  {
                      CapSense_AMuxCH0_CYAMUXSIDE_A_Unset(channel);
                      CapSense_AMuxCH0_CYAMUXSIDE_B_Unset(channel);
                  }
                  
              #endif  /* End (CapSense_AMuxCH0_MUXTYPE == CapSense_AMuxCH0_MUX_DIFF) */
 176          
C51 COMPILER V9.51   CAPSENSE_AMUXCH0                                                      11/29/2022 16:01:01 PAGE 4   

 177          
 178          /*******************************************************************************
 179          * Function Name: CapSense_AMuxCH0_DisconnectAll
 180          ********************************************************************************
 181          * Summary:
 182          *  This function disconnects all channels.
 183          *
 184          * Parameters:
 185          *  void
 186          *
 187          * Return:
 188          *  void
 189          *
 190          *******************************************************************************/
 191          void CapSense_AMuxCH0_DisconnectAll(void) CYREENTRANT
 192          {
 193   1          uint8 chan;
 194   1      
 195   1          #if(CapSense_AMuxCH0_MUXTYPE == CapSense_AMuxCH0_MUX_SINGLE)
 196   1              for(chan = 0; chan < CapSense_AMuxCH0_CHANNELS ; chan++)
 197   1              {
 198   2                  CapSense_AMuxCH0_Unset(chan);
 199   2              }
 200   1          #else
                      for(chan = 0; chan < CapSense_AMuxCH0_CHANNELS ; chan++)
                      {
                          CapSense_AMuxCH0_CYAMUXSIDE_A_Unset(chan);
                          CapSense_AMuxCH0_CYAMUXSIDE_B_Unset(chan);
                      }
                  #endif  /* End (CapSense_AMuxCH0_MUXTYPE == CapSense_AMuxCH0_MUX_SINGLE) */
 207   1      }
 208          
 209          
 210          /* [] END OF FILE */
C51 COMPILER V9.51   CAPSENSE_AMUXCH0                                                      11/29/2022 16:01:01 PAGE 5   

ASSEMBLY LISTING OF GENERATED OBJECT CODE


             ; FUNCTION CapSense_AMuxCH0_Start (BEGIN)
                                           ; SOURCE LINE # 37
                                           ; SOURCE LINE # 38
                                           ; SOURCE LINE # 39
0000 120000      R     LCALL   _?CapSense_AMuxCH0_DisconnectAll
                                           ; SOURCE LINE # 40
0003 900000      R     MOV     DPTR,#CapSense_AMuxCH0_initVar
0006 7401              MOV     A,#01H
0008 F0                MOVX    @DPTR,A
                                           ; SOURCE LINE # 41
0009 22                RET     
             ; FUNCTION CapSense_AMuxCH0_Start (END)

             ; FUNCTION CapSense_AMuxCH0_Init (BEGIN)
                                           ; SOURCE LINE # 57
                                           ; SOURCE LINE # 58
                                           ; SOURCE LINE # 59
0000 120000      R     LCALL   _?CapSense_AMuxCH0_DisconnectAll
                                           ; SOURCE LINE # 60
0003 22                RET     
             ; FUNCTION CapSense_AMuxCH0_Init (END)

             ; FUNCTION CapSense_AMuxCH0_Stop (BEGIN)
                                           ; SOURCE LINE # 76
                                           ; SOURCE LINE # 77
                                           ; SOURCE LINE # 78
0000 120000      R     LCALL   _?CapSense_AMuxCH0_DisconnectAll
                                           ; SOURCE LINE # 79
0003 22                RET     
             ; FUNCTION CapSense_AMuxCH0_Stop (END)

             ; FUNCTION _?CapSense_AMuxCH0_Select (BEGIN)
                                           ; SOURCE LINE # 96
0000 90FFFF            MOV     DPTR,#0FFFFH
0003 120000      E     LCALL   ?C?ADDXBP
0006 EF                MOV     A,R7
0007 F0                MOVX    @DPTR,A
                                           ; SOURCE LINE # 98
0008 120000      R     LCALL   _?CapSense_AMuxCH0_DisconnectAll
                                           ; SOURCE LINE # 99
000B 850083      E     MOV     DPH,?C_XBP
000E 850082      E     MOV     DPL,?C_XBP+01H
0011 E0                MOVX    A,@DPTR
0012 FF                MOV     R7,A
0013 120000      E     LCALL   _CapSense_AMuxCH0_Set
                                           ; SOURCE LINE # 100
0016 850083      E     MOV     DPH,?C_XBP
0019 850082      E     MOV     DPL,?C_XBP+01H
001C E0                MOVX    A,@DPTR
001D FF                MOV     R7,A
001E 900000      R     MOV     DPTR,#CapSense_AMuxCH0_lastChannel
0021 EF                MOV     A,R7
0022 F0                MOVX    @DPTR,A
                                           ; SOURCE LINE # 101
0023 900001            MOV     DPTR,#01H
0026 120000      E     LCALL   ?C?ADDXBP
0029 22                RET     
             ; FUNCTION _?CapSense_AMuxCH0_Select (END)

C51 COMPILER V9.51   CAPSENSE_AMUXCH0                                                      11/29/2022 16:01:01 PAGE 6   

             ; FUNCTION _?CapSense_AMuxCH0_FastSelect (BEGIN)
                                           ; SOURCE LINE # 120
0000 90FFFF            MOV     DPTR,#0FFFFH
0003 120000      E     LCALL   ?C?ADDXBP
0006 EF                MOV     A,R7
0007 F0                MOVX    @DPTR,A
                                           ; SOURCE LINE # 123
0008 900000      R     MOV     DPTR,#CapSense_AMuxCH0_lastChannel
000B E0                MOVX    A,@DPTR
000C FF                MOV     R7,A
000D EF                MOV     A,R7
000E 64FF              XRL     A,#0FFH
0010 6008              JZ      ?C0005
                                           ; SOURCE LINE # 124
                                           ; SOURCE LINE # 125
0012 900000      R     MOV     DPTR,#CapSense_AMuxCH0_lastChannel
0015 E0                MOVX    A,@DPTR
0016 FF                MOV     R7,A
0017 120000      E     LCALL   _CapSense_AMuxCH0_Unset
                                           ; SOURCE LINE # 126
001A         ?C0005:
                                           ; SOURCE LINE # 129
001A 850083      E     MOV     DPH,?C_XBP
001D 850082      E     MOV     DPL,?C_XBP+01H
0020 E0                MOVX    A,@DPTR
0021 FF                MOV     R7,A
0022 120000      E     LCALL   _CapSense_AMuxCH0_Set
                                           ; SOURCE LINE # 130
0025 850083      E     MOV     DPH,?C_XBP
0028 850082      E     MOV     DPL,?C_XBP+01H
002B E0                MOVX    A,@DPTR
002C FF                MOV     R7,A
002D 900000      R     MOV     DPTR,#CapSense_AMuxCH0_lastChannel
0030 EF                MOV     A,R7
0031 F0                MOVX    @DPTR,A
                                           ; SOURCE LINE # 131
0032 900001            MOV     DPTR,#01H
0035 120000      E     LCALL   ?C?ADDXBP
0038 22                RET     
             ; FUNCTION _?CapSense_AMuxCH0_FastSelect (END)

             ; FUNCTION _?CapSense_AMuxCH0_DisconnectAll (BEGIN)
                                           ; SOURCE LINE # 191
0000 90FFFF            MOV     DPTR,#0FFFFH
0003 120000      E     LCALL   ?C?ADDXBP
                                           ; SOURCE LINE # 196
0006 850083      E     MOV     DPH,?C_XBP
0009 850082      E     MOV     DPL,?C_XBP+01H
000C E4                CLR     A
000D F0                MOVX    @DPTR,A
000E         ?C0007:
000E 850083      E     MOV     DPH,?C_XBP
0011 850082      E     MOV     DPL,?C_XBP+01H
0014 E0                MOVX    A,@DPTR
0015 FF                MOV     R7,A
0016 EF                MOV     A,R7
0017 C3                CLR     C
0018 940A              SUBB    A,#0AH
001A 5016              JNC     ?C0010
                                           ; SOURCE LINE # 197
                                           ; SOURCE LINE # 198
001C 850083      E     MOV     DPH,?C_XBP
C51 COMPILER V9.51   CAPSENSE_AMUXCH0                                                      11/29/2022 16:01:01 PAGE 7   

001F 850082      E     MOV     DPL,?C_XBP+01H
0022 E0                MOVX    A,@DPTR
0023 FF                MOV     R7,A
0024 120000      E     LCALL   _CapSense_AMuxCH0_Unset
                                           ; SOURCE LINE # 199
0027 850083      E     MOV     DPH,?C_XBP
002A 850082      E     MOV     DPL,?C_XBP+01H
002D E0                MOVX    A,@DPTR
002E 04                INC     A
002F F0                MOVX    @DPTR,A
0030 80DC              SJMP    ?C0007
                                           ; SOURCE LINE # 207
0032         ?C0010:
0032 900001            MOV     DPTR,#01H
0035 120000      E     LCALL   ?C?ADDXBP
0038 22                RET     
             ; FUNCTION _?CapSense_AMuxCH0_DisconnectAll (END)



MODULE INFORMATION:   STATIC OVERLAYABLE
   CODE SIZE        =    174    ----
   CONSTANT SIZE    =   ----    ----
   XDATA SIZE       =      2    ----
   PDATA SIZE       =   ----    ----
   DATA SIZE        =   ----    ----
   IDATA SIZE       =   ----    ----
   BIT SIZE         =   ----    ----
   EDATA SIZE       =   ----    ----
   HDATA SIZE       =   ----    ----
   XDATA CONST SIZE =   ----    ----
   FAR CONST SIZE   =   ----    ----
END OF MODULE INFORMATION.


C51 COMPILATION COMPLETE.  0 WARNING(S),  0 ERROR(S)
