C51 COMPILER V9.51   CAPSENSE_SMS_WRAPPER                                                  11/29/2022 16:00:59 PAGE 1   


C51 COMPILER V9.51, COMPILATION OF MODULE CAPSENSE_SMS_WRAPPER
OBJECT MODULE PLACED IN .\DP8051\DP8051_Keil_951\Debug\CapSense_SMS_Wrapper.obj
COMPILER INVOKED BY: C:\Program Files (x86)\Cypress\PSoC Creator\4.4\PSoC Creator\import\keil\pk51\9.51\C51\BIN\c51.exe 
                    -Generated_Source\PSoC3\CapSense_SMS_Wrapper.c NOIV LARGE MODDP2 OMF2 VB(1) NOIP INCDIR(.,Generated_Source\PSoC3) FF(3) D
                    -B DF(DEBUG) WL(2) PR(.\DP8051\DP8051_Keil_951\Debug/CapSense_SMS_Wrapper.lst) CD OT(2,SIZE) OJ(.\DP8051\DP8051_Keil_951\
                    -Debug\CapSense_SMS_Wrapper.obj)

line level    source

   1          /*******************************************************************************
   2          * File Name: CapSense_SMS_Wrapper.c
   3          * Version 3.50
   4          *
   5          * Description:
   6          *  This file provides the source code of wrapper between CapSense CSD component 
   7          *  and Auto Tuning library.
   8          *
   9          * Note:
  10          *
  11          ********************************************************************************
  12          * Copyright 2008-2012, Cypress Semiconductor Corporation.  All rights reserved.
  13          * You may use this file only in accordance with the license, terms, conditions,
  14          * disclaimers, and limitations in the end user license agreement accompanying
  15          * the software package with which this file was provided.
  16          *******************************************************************************/
  17          
  18          #include "CapSense.h"
  19          #include "CapSense_CSHL.h"
  20          
  21          #if (CapSense_TUNING_METHOD == CapSense_AUTO_TUNING)
              
              extern uint8 CapSense_noiseThreshold[CapSense_WIDGET_CSHL_PARAMETERS_COUNT];
              extern uint8 CapSense_hysteresis[CapSense_WIDGET_CSHL_PARAMETERS_COUNT];
              extern uint8 CapSense_widgetResolution[CapSense_WIDGET_RESOLUTION_PARAMETERS_COUNT];
              extern const uint8 CYCODE CapSense_numberOfSensors[CapSense_SENSORS_TBL_SIZE];
              extern const uint8 CYCODE CapSense_rawDataIndex[CapSense_SENSORS_TBL_SIZE];
              
              extern uint8 CapSense_fingerThreshold[CapSense_WIDGET_CSHL_PARAMETERS_COUNT];
              extern uint8 CapSense_idacSettings[CapSense_TOTAL_SENSOR_COUNT];
              extern uint8 CapSense_analogSwitchDivider[CapSense_TOTAL_SCANSLOT_COUNT];
              
              extern void SMS_LIB_V3_50_CalculateThresholds(uint8 SensorNumber);
              extern void SMS_LIB_V3_50_AutoTune1Ch(void);
              extern void SMS_LIB_V3_50_AutoTune2Ch(void);
              
              uint8  * SMS_LIB_noiseThreshold = CapSense_noiseThreshold;
              uint8 * SMS_LIB_hysteresis = CapSense_hysteresis;
              
              uint8 * SMS_LIB_widgetResolution = CapSense_widgetResolution;
              
              const uint8 CYCODE * SMS_LIB_widgetNumber = CapSense_widgetNumber;
              const uint8 CYCODE * SMS_LIB_numberOfSensors = CapSense_numberOfSensors;
              const uint8 CYCODE * SMS_LIB_rawDataIndex = CapSense_rawDataIndex;
              
              uint8 * SMS_LIB_fingerThreshold = CapSense_fingerThreshold;
              uint8 * SMS_LIB_idacSettings = CapSense_idacSettings;
              uint8 * SMS_LIB_prescaler = CapSense_analogSwitchDivider;
              
              uint16 * SMS_LIB_SensorRaw = CapSense_sensorRaw;
              uint16 * SMS_LIB_SensorBaseline = CapSense_sensorBaseline;
              
C51 COMPILER V9.51   CAPSENSE_SMS_WRAPPER                                                  11/29/2022 16:00:59 PAGE 2   

              
              
              
              uint8 SMS_LIB_Table2[CapSense_TOTAL_SENSOR_COUNT];
              uint8 SMS_LIB_Table3[CapSense_TOTAL_SENSOR_COUNT];
              uint16 SMS_LIB_Table4[CapSense_TOTAL_SENSOR_COUNT];
              uint16 SMS_LIB_Table5[CapSense_TOTAL_SENSOR_COUNT];
              uint8 SMS_LIB_Table6[CapSense_TOTAL_SENSOR_COUNT];
              uint8 SMS_LIB_Table7[CapSense_TOTAL_SENSOR_COUNT];
              
              uint8 SMS_LIB_Table8[CapSense_END_OF_WIDGETS_INDEX];
              uint8 SMS_LIB_Table9[CapSense_END_OF_WIDGETS_INDEX];
              
              uint8 SMS_LIB_Var1 = ();
              uint16 SMS_LIB_Var2 = ();
              
              uint8 SMS_LIB_TotalSnsCnt = CapSense_TOTAL_SENSOR_COUNT;
              uint8 SMS_LIB_TotalScanSlCnt = CapSense_TOTAL_SCANSLOT_COUNT;
              uint8 SMS_LIB_EndOfWidgInd = CapSense_END_OF_WIDGETS_INDEX;
              
              #if (CapSense_DESIGN_TYPE == CapSense_TWO_CHANNELS_DESIGN)
                  uint8 SMS_LIB_TotalSnsCnt_CH0 = CapSense_TOTAL_SENSOR_COUNT__CH0;
                  uint8 SMS_LIB_TotalSnsCnt_CH1 = CapSense_TOTAL_SENSOR_COUNT__CH1;
              #else
                  uint8 SMS_LIB_TotalSnsCnt_CH0 = 0u;
                  uint8 SMS_LIB_TotalSnsCnt_CH1 = 0u;
              #endif  /* (CapSense_DESIGN_TYPE == CapSense_TWO_CHANNELS_DESIGN) */
              
              /*******************************************************************************
              * Function Name: SMS_LIB_ScanSensor
              ********************************************************************************
              *
              * Summary:
              *  Wrapper to CapSense_ScanSensor function.
              *
              * Parameters:
              *  SensorNumber:  Sensor number.
              *
              * Return:
              *  None
              *
              * Reentrant:
              *  No
              *
              *******************************************************************************/
              void SMS_LIB_ScanSensor(uint8 SensorNumber) 
              {
                  CapSense_ScanSensor(SensorNumber);
              }
              
              /*******************************************************************************
              * Function Name: SMS_LIB_IsBusy
              ********************************************************************************
              *
              * Summary:
              *  Wrapper to CapSense_IsBusy function.
              *  
              * Parameters:
              *  None
              *
              * Return:
              *  None
C51 COMPILER V9.51   CAPSENSE_SMS_WRAPPER                                                  11/29/2022 16:00:59 PAGE 3   

              *
              *******************************************************************************/
              uint8 SMS_LIB_IsBusy(void) 
              {
                  return CapSense_IsBusy();
              }
              
              
              /*******************************************************************************
              * Function Name: CapSense_CalculateThresholds
              ********************************************************************************
              *
              * Summary:
              *  Wrapper to SMS_LIB_CalculateThresholds function.
              *
              * Parameters:
              *  SensorNumber:  Sensor number.
              *
              * Return:
              *  None
              *
              * Reentrant:
              *  No
              *
              *******************************************************************************/
              void CapSense_CalculateThresholds(uint8 SensorNumber) 
              {
                  SMS_LIB_V3_50_CalculateThresholds(SensorNumber);
              }
              
              
              /*******************************************************************************
              * Function Name: CapSense_AutoTune
              ********************************************************************************
              *
              * Summary:
              *  Wrapper for SMS_LIB_AutoTune1Ch or SMS_LIB_AutoTune2Ch function.
              *
              * Parameters:
              *  None
              *
              * Return:
              *  None
              *
              * Reentrant:
              *  No
              *
              *******************************************************************************/
              void CapSense_AutoTune(void) 
              {
                  #if (CapSense_DESIGN_TYPE == CapSense_ONE_CHANNEL_DESIGN)
                      SMS_LIB_V3_50_AutoTune1Ch();
                  #elif (CapSense_DESIGN_TYPE == CapSense_TWO_CHANNELS_DESIGN)
                      SMS_LIB_V3_50_AutoTune2Ch();
                  #endif /* (CapSense_DESIGN_TYPE == CapSense_ONE_CHANNEL_DESIGN) */
              }
              
              /*******************************************************************************
              * Function Name: SMS_LIB_SetPrescaler
              ********************************************************************************
              *
              * Summary:
C51 COMPILER V9.51   CAPSENSE_SMS_WRAPPER                                                  11/29/2022 16:00:59 PAGE 4   

              *  Empty wrapper for version compliance.
              *
              * Parameters:
              *  prescaler:  prascaler value.
              *
              * Return:
              *  None
              *
              *******************************************************************************/
              void SMS_LIB_SetPrescaler(uint8 prescaler) 
              {
                  prescaler = prescaler;
              }
              
              void SMS_LIB_V3_50_SetAnalogSwitchesSrc_PRS(void) 
              {
                      CapSense_SetAnalogSwitchesSource(CapSense_ANALOG_SWITCHES_SRC_PRS);
              }
              
              void SMS_LIB_V3_50_SetAnalogSwitchesSrc_Prescaler(void) 
              {
                      CapSense_SetAnalogSwitchesSource(CapSense_ANALOG_SWITCHES_SRC_PRESCALER);
              }
              
              #endif  /* (CapSense_TUNING_METHOD == CapSense_AUTO_TUNING) */
 202          
 203          
 204          /* [] END OF FILE */
C51 COMPILER V9.51   CAPSENSE_SMS_WRAPPER                                                  11/29/2022 16:00:59 PAGE 5   

ASSEMBLY LISTING OF GENERATED OBJECT CODE




MODULE INFORMATION:   STATIC OVERLAYABLE
   CODE SIZE        =   ----    ----
   CONSTANT SIZE    =   ----    ----
   XDATA SIZE       =   ----    ----
   PDATA SIZE       =   ----    ----
   DATA SIZE        =   ----    ----
   IDATA SIZE       =   ----    ----
   BIT SIZE         =   ----    ----
   EDATA SIZE       =   ----    ----
   HDATA SIZE       =   ----    ----
   XDATA CONST SIZE =   ----    ----
   FAR CONST SIZE   =   ----    ----
END OF MODULE INFORMATION.


C51 COMPILATION COMPLETE.  0 WARNING(S),  0 ERROR(S)
