C51 COMPILER V9.51   CAPSENSE_INT                                                          11/29/2022 16:00:59 PAGE 1   


C51 COMPILER V9.51, COMPILATION OF MODULE CAPSENSE_INT
OBJECT MODULE PLACED IN .\DP8051\DP8051_Keil_951\Debug\CapSense_INT.obj
COMPILER INVOKED BY: C:\Program Files (x86)\Cypress\PSoC Creator\4.4\PSoC Creator\import\keil\pk51\9.51\C51\BIN\c51.exe 
                    -Generated_Source\PSoC3\CapSense_INT.c NOIV LARGE MODDP2 OMF2 VB(1) NOIP INCDIR(.,Generated_Source\PSoC3) FF(3) DB DF(DEB
                    -UG) WL(2) PR(.\DP8051\DP8051_Keil_951\Debug/CapSense_INT.lst) CD OT(2,SIZE) OJ(.\DP8051\DP8051_Keil_951\Debug\CapSense_I
                    -NT.obj)

line level    source

   1          /*******************************************************************************
   2          * File Name: CapSense_INT.c
   3          * Version 3.50
   4          *
   5          * Description:
   6          *  This file provides the source code of Interrupt Service Routine (ISR)
   7          *  for CapSense CSD component.
   8          *
   9          * Note:
  10          *
  11          ********************************************************************************
  12          * Copyright 2008-2013, Cypress Semiconductor Corporation.  All rights reserved.
  13          * You may use this file only in accordance with the license, terms, conditions,
  14          * disclaimers, and limitations in the end user license agreement accompanying
  15          * the software package with which this file was provided.
  16          *******************************************************************************/
  17          
  18          #include "CapSense.h"
  19          #include "cyapicallbacks.h"
  20          
  21          
  22          /*******************************************************************************
  23          *  Place your includes, defines and code here 
  24          ********************************************************************************/
  25          /* `#START CapSense_IsrCH_ISR_intc` */
  26          
  27          /* `#END` */
  28          
  29          
  30          #if (CapSense_DESIGN_TYPE == CapSense_ONE_CHANNEL_DESIGN)
  31              /*******************************************************************************
  32              * Function Name: CapSense_IsrCH0_ISR
  33              ********************************************************************************
  34              *
  35              * Summary:
  36              *  This ISR is executed when measure window is closed. The measure window 
  37              *  depends on scan resolution parameter of sensor. 
  38              *  The ISR has two modes: 
  39              *   1. Scans single sensor and stores measure result.
  40              *   2. Stores result of current measure and starts next scan till all 
  41              *      enabled sensors will be scanned.
  42              *  This interrupt handler only used in one channel designs.
  43              *
  44              * Parameters:
  45              *  None
  46              *
  47              * Return:
  48              *  None
  49              *
  50              * Global Variables:
  51              *  CapSense_csv - used to provide status and mode of scanning process.
  52              *   Mode - single scan or scan of all enabled sensors.
C51 COMPILER V9.51   CAPSENSE_INT                                                          11/29/2022 16:00:59 PAGE 2   

  53              *   Status - scan in progress or ready for new scan.
  54              *  CapSense_sensorIndex - used to store sensor scanning sensor number.
  55              *
  56              * Reentrant:
  57              *  No
  58              *
  59              *******************************************************************************/
  60              CY_ISR(CapSense_IsrCH0_ISR)
  61              {
  62   1              #ifdef CapSense_ONE_CHANNEL_CH0_ISR_ENTRY_CALLBACK
                          CapSense_IsrCH0_ISR_EntryCallback();
                      #endif /* CapSense_ONE_CHANNEL_CH0_ISR_ENTRY_CALLBACK */
  65   1      
  66   1              /*  Place your Interrupt code here. */
  67   1              /* `#START CapSense_ONE_CHANNEL_IsrCH0_ISR_ENTER` */
  68   1      
  69   1              /* `#END` */
  70   1      
  71   1              /* Save results and disable sensor */
  72   1              CapSense_PostScan(CapSense_sensorIndex);
  73   1                      
  74   1              if ((CapSense_csv & CapSense_SW_CTRL_SINGLE_SCAN) != 0u)
  75   1              {
  76   2                  CapSense_csv &= (uint8)~CapSense_SW_STS_BUSY;
  77   2              }
  78   1              else
  79   1              {
  80   2                  /* Proceed the scanning */
  81   2                  CapSense_sensorIndex = CapSense_FindNextSensor(CapSense_sensorIndex);
  82   2                  
  83   2                  /* Check end of scan */
  84   2                  if(CapSense_sensorIndex < CapSense_TOTAL_SENSOR_COUNT)
  85   2                  {
  86   3                      CapSense_PreScan(CapSense_sensorIndex);
  87   3                  }
  88   2                  else
  89   2                  {
  90   3                      CapSense_csv &= (uint8)~CapSense_SW_STS_BUSY;
  91   3                  } 
  92   2              }
  93   1      
  94   1              /*  Place your Interrupt code here. */
  95   1              /* `#START CapSense_ONE_CHANNEL_IsrCH0_ISR_EXIT` */
  96   1      
  97   1              /* `#END` */
  98   1      
  99   1              #ifdef CapSense_ONE_CHANNEL_CH0_ISR_EXIT_CALLBACK
                          CapSense_IsrCH0_ISR_ExitCallback();
                      #endif /* CapSense_ONE_CHANNEL_CH0_ISR_EXIT_CALLBACK */
 102   1          }
 103           #endif  /* (CapSense_DESIGN_TYPE == CapSense_ONE_CHANNEL_DESIGN) */
 104          
 105          
 106           #if (CapSense_DESIGN_TYPE == CapSense_TWO_CHANNELS_DESIGN)   
                  /*******************************************************************************
                  * Function Name: CapSense_IsrCH0_ISR
                  ********************************************************************************
                  *
                  * Summary:
                  *  This ISR is executed when measure window is closed. The measure window 
                  *  depends on scan resolution parameter of sensor. 
                  *  The ISR has two modes: 
C51 COMPILER V9.51   CAPSENSE_INT                                                          11/29/2022 16:00:59 PAGE 3   

                  *   1. Scans single sensor or pair of sensors and stores measure result.
                  *   2. Stores results of current measure when complete scan of sensors pair or 
                  *      sensor scan and starts next enabled sensors pair or sensor scan. 
                  *  This interrupt handler only used in two channel designs.
                  *  The synchronization is added to scanning process. The ISR channel 0 or 
                  *  channel 1 stores the result and starts next scan. It depends which channel
                  *  scans longer. The biggest scan resolution parameter of sensor within pair 
                  *  defines scanning time of pair.
                  *
                  * Parameters:
                  *  None
                  *
                  * Return:
                  *  None
                  *
                  * Global Variables:
                  *  CapSense_csv - used to provide status and mode of scanning process.
                  *   Mode - single scan or scan of all enabled sensors.
                  *   Status - scan in progress or ready for new scan.
                  *  CapSense_sensorIndex - used to store sensor scanning sensor number.
                  *
                  * Reentrant:
                  *  No
                  *
                  *******************************************************************************/
                  CY_ISR(CapSense_IsrCH0_ISR)
                  {
                      #ifdef CapSense_TWO_CHANNEL_CH0_ISR_ENTRY_CALLBACK
                          CapSense_IsrCH0_ISR_EntryCallback();
                      #endif /* CapSense_TWO_CHANNEL_CH0_ISR_ENTRY_CALLBACK */
              
                      /*  Place your Interrupt code here. */
                      /* `#START CapSense_TWO_CHANNELS_IsrCH0_ISR_ENTER` */
              
                      /* `#END` */
                      
                      CapSense_CONTROL_REG &= ~CapSense_CTRL_WINDOW_EN__CH0;
                      CapSense_PostScanCh0(CapSense_sensorIndex);
                      
                      if((CapSense_CONTROL_REG & CapSense_CTRL_WINDOW_EN__CH1) == 0u)
                      {
                          if ((CapSense_csv & CapSense_SW_CTRL_SINGLE_SCAN) != 0u)
                          {
                              CapSense_csv &= (uint8)~CapSense_SW_STS_BUSY;
                          }
                          else
                          {
                              /* Procced the scanning */
                              CapSense_sensorIndex = CapSense_FindNextPair(CapSense_sensorIndex);
                              
                              /* Check end of scan conditions */
                              if((CapSense_sensorIndex < CapSense_TOTAL_SENSOR_COUNT__CH0) || 
                                 (CapSense_sensorIndex < CapSense_TOTAL_SENSOR_COUNT__CH1))
                              {
                                  CapSense_PreScan(CapSense_sensorIndex);
                              }
                              else
                              {
                                  CapSense_csv &= (uint8)~CapSense_SW_STS_BUSY;
                              }
                          }
                      }
C51 COMPILER V9.51   CAPSENSE_INT                                                          11/29/2022 16:00:59 PAGE 4   

                      else
                      {
                          /* Do nothing */
                      }
              
                              /*  Place your Interrupt code here. */
                      /* `#START CapSense_TWO_CHANNELS_IsrCH0_ISR_EXIT` */
              
                      /* `#END` */
              
                      #ifdef CapSense_TWO_CHANNEL_CH0_ISR_EXIT_CALLBACK
                          CapSense_IsrCH0_ISR_ExitCallback();
                      #endif /* CapSense_TWO_CHANNEL_CH0_ISR_EXIT_CALLBACK */
                  }
              
                  
                  /*******************************************************************************
                  * Function Name: CapSense_IsrCH1_ISR
                  ********************************************************************************
                  *
                  * Summary:
                  *  This ISR is executed when measure window is closed. The measure window 
                  *  depends on scan resolution parameter of sensor. 
                  *  The ISR has two modes: 
                  *   1. Scans single sensor or pair of sensors and stores measure result.
                  *   2. Stores results of current measure when complete scan of sensors pair or 
                  *      sensor scan and starts next enabled sensors pair or sensor scan. 
                  *  This interrupt handler only used in two channel designs.
                  *  The synchronization is added to scanning process. The ISR channel 0 or 
                  *  channel 1 stores the result and starts next scan. It depends which channel
                  *  scans longer. The biggest scan resolution parameter of sensor within pair 
                  *  defines scanning time of pair.
                  *
                  * Parameters:
                  *  None
                  *
                  * Return:
                  *  None
                  *
                  * Global Variables:
                  *  CapSense_csv - used to provide status and mode of scanning process.
                  *   Mode - single scan or scan of all enabled sensors.
                  *   Status - scan in progress or ready for new scan.
                  *  CapSense_sensorIndex - used to store sensor scanning sensor number.
                  *
                  * Reentrant:
                  *  No
                  *
                  *******************************************************************************/
                  CY_ISR(CapSense_IsrCH1_ISR)
                  {
                      #ifdef CapSense_TWO_CHANNEL_CH1_ISR_ENTRY_CALLBACK
                          CapSense_IsrCH1_ISR_EntryCallback();
                      #endif /* CapSense_TWO_CHANNEL_CH1_ISR_ENTRY_CALLBACK */
              
                      /*  Place your Interrupt code here */
                      /* `#START CapSense_TWO_CHANNELS_IsrCH1_ISR_ENTER` */
              
                      /* `#END` */
                      
                      CapSense_CONTROL_REG &= (uint8)~CapSense_CTRL_WINDOW_EN__CH1;
                      CapSense_PostScanCh1(CapSense_sensorIndex + CapSense_TOTAL_SENSOR_COUNT__CH0);
C51 COMPILER V9.51   CAPSENSE_INT                                                          11/29/2022 16:00:59 PAGE 5   

                      
                      if((CapSense_CONTROL_REG & CapSense_CTRL_WINDOW_EN__CH0) == 0u)
                      {
                          if ((CapSense_csv & CapSense_SW_CTRL_SINGLE_SCAN) != 0u)
                          {
                              CapSense_csv &= (uint8)~CapSense_SW_STS_BUSY;
                          }
                          else 
                          {
                              /* Procced the scanning */
                              CapSense_sensorIndex = CapSense_FindNextPair(CapSense_sensorIndex);
                              
                              /* Check end of scan conditions */
                              if((CapSense_sensorIndex < CapSense_TOTAL_SENSOR_COUNT__CH0) || 
                                 (CapSense_sensorIndex < CapSense_TOTAL_SENSOR_COUNT__CH1))
                              {
                                  CapSense_PreScan(CapSense_sensorIndex);
                              }
                              else
                              {
                                  CapSense_csv &= ~CapSense_SW_STS_BUSY;
                              }
                          }
                      }
                      else
                      {
                          /* Do nothing */
                      }
              
                              /*  Place your Interrupt code here */
                      /* `#START CapSense_TWO_CHANNELS_IsrCH1_ISR_EXIT` */
              
                      /* `#END` */
              
                      #ifdef CapSense_TWO_CHANNEL_CH1_ISR_EXIT_CALLBACK
                          CapSense_IsrCH1_ISR_ExitCallback();
                      #endif /* CapSense_TWO_CHANNEL_CH1_ISR_EXIT_CALLBACK */
                  }
              #endif  /* (CapSense_DESIGN_TYPE == CapSense_TWO_CHANNELS_DESIGN) */
 278          
 279          
 280          /* [] END OF FILE */
C51 COMPILER V9.51   CAPSENSE_INT                                                          11/29/2022 16:00:59 PAGE 6   

ASSEMBLY LISTING OF GENERATED OBJECT CODE


             ; FUNCTION CapSense_IsrCH0_ISR (BEGIN)
0000 C0E0              PUSH    ACC
0002 C0F0              PUSH    B
0004 C083              PUSH    DPH
0006 C082              PUSH    DPL
0008 C085              PUSH    DPH1
000A C084              PUSH    DPL1
000C C086              PUSH    DPS
000E 758600            MOV     DPS,#00H
0011 C000        E     PUSH    ?C?XPAGE1SFR
0013 750000      E     MOV     ?C?XPAGE1SFR,#?C?XPAGE1RST
0016 C0D0              PUSH    PSW
0018 75D000            MOV     PSW,#00H
001B C000              PUSH    AR0
001D C001              PUSH    AR1
001F C002              PUSH    AR2
0021 C003              PUSH    AR3
0023 C004              PUSH    AR4
0025 C005              PUSH    AR5
0027 C006              PUSH    AR6
0029 C007              PUSH    AR7
                                           ; SOURCE LINE # 60
                                           ; SOURCE LINE # 72
002B 900000      E     MOV     DPTR,#CapSense_sensorIndex
002E E0                MOVX    A,@DPTR
002F FF                MOV     R7,A
0030 120000      E     LCALL   _?CapSense_PostScan
                                           ; SOURCE LINE # 74
0033 900000      E     MOV     DPTR,#CapSense_csv
0036 E0                MOVX    A,@DPTR
0037 FF                MOV     R7,A
0038 EF                MOV     A,R7
0039 5480              ANL     A,#080H
003B FF                MOV     R7,A
003C 7E00              MOV     R6,#00H
003E EF                MOV     A,R7
003F 4E                ORL     A,R6
0040 6010              JZ      ?C0001
                                           ; SOURCE LINE # 75
                                           ; SOURCE LINE # 76
0042 900000      E     MOV     DPTR,#CapSense_csv
0045 E0                MOVX    A,@DPTR
0046 FF                MOV     R7,A
0047 EF                MOV     A,R7
0048 54FE              ANL     A,#0FEH
004A FF                MOV     R7,A
004B 900000      E     MOV     DPTR,#CapSense_csv
004E EF                MOV     A,R7
004F F0                MOVX    @DPTR,A
                                           ; SOURCE LINE # 77
0050 8030              SJMP    ?C0005
0052         ?C0001:
                                           ; SOURCE LINE # 79
                                           ; SOURCE LINE # 81
0052 900000      E     MOV     DPTR,#CapSense_sensorIndex
0055 E0                MOVX    A,@DPTR
0056 FF                MOV     R7,A
0057 120000      E     LCALL   _?CapSense_FindNextSensor
005A 900000      E     MOV     DPTR,#CapSense_sensorIndex
C51 COMPILER V9.51   CAPSENSE_INT                                                          11/29/2022 16:00:59 PAGE 7   

005D EF                MOV     A,R7
005E F0                MOVX    @DPTR,A
                                           ; SOURCE LINE # 84
005F 900000      E     MOV     DPTR,#CapSense_sensorIndex
0062 E0                MOVX    A,@DPTR
0063 FF                MOV     R7,A
0064 EF                MOV     A,R7
0065 C3                CLR     C
0066 9407              SUBB    A,#07H
0068 500A              JNC     ?C0003
                                           ; SOURCE LINE # 85
                                           ; SOURCE LINE # 86
006A 900000      E     MOV     DPTR,#CapSense_sensorIndex
006D E0                MOVX    A,@DPTR
006E FF                MOV     R7,A
006F 120000      E     LCALL   _?CapSense_PreScan
                                           ; SOURCE LINE # 87
0072 800E              SJMP    ?C0005
0074         ?C0003:
                                           ; SOURCE LINE # 89
                                           ; SOURCE LINE # 90
0074 900000      E     MOV     DPTR,#CapSense_csv
0077 E0                MOVX    A,@DPTR
0078 FF                MOV     R7,A
0079 EF                MOV     A,R7
007A 54FE              ANL     A,#0FEH
007C FF                MOV     R7,A
007D 900000      E     MOV     DPTR,#CapSense_csv
0080 EF                MOV     A,R7
0081 F0                MOVX    @DPTR,A
                                           ; SOURCE LINE # 91
                                           ; SOURCE LINE # 92
                                           ; SOURCE LINE # 102
0082         ?C0005:
0082 D007              POP     AR7
0084 D006              POP     AR6
0086 D005              POP     AR5
0088 D004              POP     AR4
008A D003              POP     AR3
008C D002              POP     AR2
008E D001              POP     AR1
0090 D000              POP     AR0
0092 D0D0              POP     PSW
0094 D000        E     POP     ?C?XPAGE1SFR
0096 D086              POP     DPS
0098 D084              POP     DPL1
009A D085              POP     DPH1
009C D082              POP     DPL
009E D083              POP     DPH
00A0 D0F0              POP     B
00A2 D0E0              POP     ACC
00A4 32                RETI    
             ; FUNCTION CapSense_IsrCH0_ISR (END)



MODULE INFORMATION:   STATIC OVERLAYABLE
   CODE SIZE        =    165    ----
   CONSTANT SIZE    =   ----    ----
   XDATA SIZE       =   ----    ----
   PDATA SIZE       =   ----    ----
   DATA SIZE        =   ----    ----
C51 COMPILER V9.51   CAPSENSE_INT                                                          11/29/2022 16:00:59 PAGE 8   

   IDATA SIZE       =   ----    ----
   BIT SIZE         =   ----    ----
   EDATA SIZE       =   ----    ----
   HDATA SIZE       =   ----    ----
   XDATA CONST SIZE =   ----    ----
   FAR CONST SIZE   =   ----    ----
END OF MODULE INFORMATION.


C51 COMPILATION COMPLETE.  0 WARNING(S),  0 ERROR(S)
