--------------- Build Started: 11/29/2022 20:10:06 Project: Lab3, Configuration: DP8051 Keil 9.51 Debug ---------------
cydsfit.exe -.appdatapath "C:\Users\Asus\AppData\Local\Cypress Semiconductor\PSoC Creator\4.4" -.fdsnotice -.fdswarpdepfile=warp_dependencies.txt -.fdselabdepfile=elab_dependencies.txt -.fdsbldfile=generated_files.txt -.fdsreffile=referenced_files.txt -p "C:\Users\Asus\Documents\PSoC Creator\Lab3.cydsn\Lab3.cyprj" -d CY8C3866AXI-040 -s "C:\Users\Asus\Documents\PSoC Creator\Lab3.cydsn\Generated_Source\PSoC3" -- -yv2 -q10 -ygs -o2 -v3 -.fftcfgtype=BE
Elaborating Design...
HDL Generation...
Synthesis...
Tech Mapping...
Analog Placement...
Log: apr.M0058: The analog placement iterative improvement is 59% done. (App=cydsfit)
Log: apr.M0058: The analog placement iterative improvement is 79% done. (App=cydsfit)
Analog Routing...
Analog Code Generation...
Digital Placement...
Digital Routing...
Bitstream Generation...
Bitstream Verification...
Static timing analysis...
API Generation...
Dependency Generation...
Cleanup...
c51.exe main.c NOIV LARGE MODDP2 OMF2 VB(1) NOIP "INCDIR(., Generated_Source\PSoC3)" FF(3) DB DF(DEBUG) WL(2) PR(.\DP8051\DP8051_Keil_951\Debug/main.lst) CD OT(2 ,Size) OJ(.\DP8051\DP8051_Keil_951\Debug\main.obj)
c51.exe Generated_Source\PSoC3\cyfitter_cfg.c NOIV LARGE MODDP2 OMF2 VB(1) NOIP "INCDIR(., Generated_Source\PSoC3)" FF(3) DB DF(DEBUG) WL(2) PR(.\DP8051\DP8051_Keil_951\Debug/cyfitter_cfg.lst) CD OT(2 ,Size) OJ(.\DP8051\DP8051_Keil_951\Debug\cyfitter_cfg.obj)
c51.exe Generated_Source\PSoC3\LCD_BarGraph.c NOIV LARGE MODDP2 OMF2 VB(1) NOIP "INCDIR(., Generated_Source\PSoC3)" FF(3) DB DF(DEBUG) WL(2) PR(.\DP8051\DP8051_Keil_951\Debug/LCD_BarGraph.lst) CD OT(2 ,Size) OJ(.\DP8051\DP8051_Keil_951\Debug\LCD_BarGraph.obj)
c51.exe Generated_Source\PSoC3\LCD.c NOIV LARGE MODDP2 OMF2 VB(1) NOIP "INCDIR(., Generated_Source\PSoC3)" FF(3) DB DF(DEBUG) WL(2) PR(.\DP8051\DP8051_Keil_951\Debug/LCD.lst) CD OT(2 ,Size) OJ(.\DP8051\DP8051_Keil_951\Debug\LCD.obj)
c51.exe Generated_Source\PSoC3\LCD_PM.c NOIV LARGE MODDP2 OMF2 VB(1) NOIP "INCDIR(., Generated_Source\PSoC3)" FF(3) DB DF(DEBUG) WL(2) PR(.\DP8051\DP8051_Keil_951\Debug/LCD_PM.lst) CD OT(2 ,Size) OJ(.\DP8051\DP8051_Keil_951\Debug\LCD_PM.obj)
c51.exe Generated_Source\PSoC3\Pin_1.c NOIV LARGE MODDP2 OMF2 VB(1) NOIP "INCDIR(., Generated_Source\PSoC3)" FF(3) DB DF(DEBUG) WL(2) PR(.\DP8051\DP8051_Keil_951\Debug/Pin_1.lst) CD OT(2 ,Size) OJ(.\DP8051\DP8051_Keil_951\Debug\Pin_1.obj)
c51.exe Generated_Source\PSoC3\Pin_2.c NOIV LARGE MODDP2 OMF2 VB(1) NOIP "INCDIR(., Generated_Source\PSoC3)" FF(3) DB DF(DEBUG) WL(2) PR(.\DP8051\DP8051_Keil_951\Debug/Pin_2.lst) CD OT(2 ,Size) OJ(.\DP8051\DP8051_Keil_951\Debug\Pin_2.obj)
c51.exe Generated_Source\PSoC3\LCD_LCDPort.c NOIV LARGE MODDP2 OMF2 VB(1) NOIP "INCDIR(., Generated_Source\PSoC3)" FF(3) DB DF(DEBUG) WL(2) PR(.\DP8051\DP8051_Keil_951\Debug/LCD_LCDPort.lst) CD OT(2 ,Size) OJ(.\DP8051\DP8051_Keil_951\Debug\LCD_LCDPort.obj)
c51.exe Generated_Source\PSoC3\CyDmac.c NOIV LARGE MODDP2 OMF2 VB(1) NOIP "INCDIR(., Generated_Source\PSoC3)" FF(3) DB DF(DEBUG) WL(2) PR(.\DP8051\DP8051_Keil_951\Debug/CyDmac.lst) CD OT(2 ,Size) OJ(.\DP8051\DP8051_Keil_951\Debug\CyDmac.obj)
c51.exe Generated_Source\PSoC3\CyFlash.c NOIV LARGE MODDP2 OMF2 VB(1) NOIP "INCDIR(., Generated_Source\PSoC3)" FF(3) DB DF(DEBUG) WL(2) PR(.\DP8051\DP8051_Keil_951\Debug/CyFlash.lst) CD OT(2 ,Size) OJ(.\DP8051\DP8051_Keil_951\Debug\CyFlash.obj)
c51.exe Generated_Source\PSoC3\CyLib.c NOIV LARGE MODDP2 OMF2 VB(1) NOIP "INCDIR(., Generated_Source\PSoC3)" FF(3) DB DF(DEBUG) WL(2) PR(.\DP8051\DP8051_Keil_951\Debug/CyLib.lst) CD OT(2 ,Size) OJ(.\DP8051\DP8051_Keil_951\Debug\CyLib.obj)
c51.exe Generated_Source\PSoC3\cyPm.c NOIV LARGE MODDP2 OMF2 VB(1) NOIP "INCDIR(., Generated_Source\PSoC3)" FF(3) DB DF(DEBUG) WL(2) PR(.\DP8051\DP8051_Keil_951\Debug/cyPm.lst) CD OT(2 ,Size) OJ(.\DP8051\DP8051_Keil_951\Debug\cyPm.obj)
c51.exe Generated_Source\PSoC3\CySpc.c NOIV LARGE MODDP2 OMF2 VB(1) NOIP "INCDIR(., Generated_Source\PSoC3)" FF(3) DB DF(DEBUG) WL(2) PR(.\DP8051\DP8051_Keil_951\Debug/CySpc.lst) CD OT(2 ,Size) OJ(.\DP8051\DP8051_Keil_951\Debug\CySpc.obj)
c51.exe Generated_Source\PSoC3\cyutils.c NOIV LARGE MODDP2 OMF2 VB(1) NOIP "INCDIR(., Generated_Source\PSoC3)" FF(3) DB DF(DEBUG) WL(2) PR(.\DP8051\DP8051_Keil_951\Debug/cyutils.lst) CD OT(2 ,Size) OJ(.\DP8051\DP8051_Keil_951\Debug\cyutils.obj)
c51.exe Generated_Source\PSoC3\cy_em_eeprom.c NOIV LARGE MODDP2 OMF2 VB(1) NOIP "INCDIR(., Generated_Source\PSoC3)" FF(3) DB DF(DEBUG) WL(2) PR(.\DP8051\DP8051_Keil_951\Debug/cy_em_eeprom.lst) CD OT(2 ,Size) OJ(.\DP8051\DP8051_Keil_951\Debug\cy_em_eeprom.obj)
c51.exe Generated_Source\PSoC3\CapSense.c NOIV LARGE MODDP2 OMF2 VB(1) NOIP "INCDIR(., Generated_Source\PSoC3)" FF(3) DB DF(DEBUG) WL(2) PR(.\DP8051\DP8051_Keil_951\Debug/CapSense.lst) CD OT(2 ,Size) OJ(.\DP8051\DP8051_Keil_951\Debug\CapSense.obj)
c51.exe Generated_Source\PSoC3\CapSense_CSHL.c NOIV LARGE MODDP2 OMF2 VB(1) NOIP "INCDIR(., Generated_Source\PSoC3)" FF(3) DB DF(DEBUG) WL(2) PR(.\DP8051\DP8051_Keil_951\Debug/CapSense_CSHL.lst) CD OT(2 ,Size) OJ(.\DP8051\DP8051_Keil_951\Debug\CapSense_CSHL.obj)
c51.exe Generated_Source\PSoC3\CapSense_INT.c NOIV LARGE MODDP2 OMF2 VB(1) NOIP "INCDIR(., Generated_Source\PSoC3)" FF(3) DB DF(DEBUG) WL(2) PR(.\DP8051\DP8051_Keil_951\Debug/CapSense_INT.lst) CD OT(2 ,Size) OJ(.\DP8051\DP8051_Keil_951\Debug\CapSense_INT.obj)
c51.exe Generated_Source\PSoC3\CapSense_Pins.c NOIV LARGE MODDP2 OMF2 VB(1) NOIP "INCDIR(., Generated_Source\PSoC3)" FF(3) DB DF(DEBUG) WL(2) PR(.\DP8051\DP8051_Keil_951\Debug/CapSense_Pins.lst) CD OT(2 ,Size) OJ(.\DP8051\DP8051_Keil_951\Debug\CapSense_Pins.obj)
c51.exe Generated_Source\PSoC3\CapSense_PM.c NOIV LARGE MODDP2 OMF2 VB(1) NOIP "INCDIR(., Generated_Source\PSoC3)" FF(3) DB DF(DEBUG) WL(2) PR(.\DP8051\DP8051_Keil_951\Debug/CapSense_PM.lst) CD OT(2 ,Size) OJ(.\DP8051\DP8051_Keil_951\Debug\CapSense_PM.obj)
c51.exe Generated_Source\PSoC3\CapSense_SMS_Wrapper.c NOIV LARGE MODDP2 OMF2 VB(1) NOIP "INCDIR(., Generated_Source\PSoC3)" FF(3) DB DF(DEBUG) WL(2) PR(.\DP8051\DP8051_Keil_951\Debug/CapSense_SMS_Wrapper.lst) CD OT(2 ,Size) OJ(.\DP8051\DP8051_Keil_951\Debug\CapSense_SMS_Wrapper.obj)
c51.exe Generated_Source\PSoC3\CapSense_TunerHelper.c NOIV LARGE MODDP2 OMF2 VB(1) NOIP "INCDIR(., Generated_Source\PSoC3)" FF(3) DB DF(DEBUG) WL(2) PR(.\DP8051\DP8051_Keil_951\Debug/CapSense_TunerHelper.lst) CD OT(2 ,Size) OJ(.\DP8051\DP8051_Keil_951\Debug\CapSense_TunerHelper.obj)
c51.exe Generated_Source\PSoC3\CapSense_IntClock.c NOIV LARGE MODDP2 OMF2 VB(1) NOIP "INCDIR(., Generated_Source\PSoC3)" FF(3) DB DF(DEBUG) WL(2) PR(.\DP8051\DP8051_Keil_951\Debug/CapSense_IntClock.lst) CD OT(2 ,Size) OJ(.\DP8051\DP8051_Keil_951\Debug\CapSense_IntClock.obj)
c51.exe Generated_Source\PSoC3\CapSense_CompCH0.c NOIV LARGE MODDP2 OMF2 VB(1) NOIP "INCDIR(., Generated_Source\PSoC3)" FF(3) DB DF(DEBUG) WL(2) PR(.\DP8051\DP8051_Keil_951\Debug/CapSense_CompCH0.lst) CD OT(2 ,Size) OJ(.\DP8051\DP8051_Keil_951\Debug\CapSense_CompCH0.obj)
c51.exe Generated_Source\PSoC3\CapSense_CompCH0_PM.c NOIV LARGE MODDP2 OMF2 VB(1) NOIP "INCDIR(., Generated_Source\PSoC3)" FF(3) DB DF(DEBUG) WL(2) PR(.\DP8051\DP8051_Keil_951\Debug/CapSense_CompCH0_PM.lst) CD OT(2 ,Size) OJ(.\DP8051\DP8051_Keil_951\Debug\CapSense_CompCH0_PM.obj)
c51.exe Generated_Source\PSoC3\CapSense_AMuxCH0.c NOIV LARGE MODDP2 OMF2 VB(1) NOIP "INCDIR(., Generated_Source\PSoC3)" FF(3) DB DF(DEBUG) WL(2) PR(.\DP8051\DP8051_Keil_951\Debug/CapSense_AMuxCH0.lst) CD OT(2 ,Size) OJ(.\DP8051\DP8051_Keil_951\Debug\CapSense_AMuxCH0.obj)
c51.exe Generated_Source\PSoC3\CapSense_IdacCH0.c NOIV LARGE MODDP2 OMF2 VB(1) NOIP "INCDIR(., Generated_Source\PSoC3)" FF(3) DB DF(DEBUG) WL(2) PR(.\DP8051\DP8051_Keil_951\Debug/CapSense_IdacCH0.lst) CD OT(2 ,Size) OJ(.\DP8051\DP8051_Keil_951\Debug\CapSense_IdacCH0.obj)
c51.exe Generated_Source\PSoC3\CapSense_IdacCH0_PM.c NOIV LARGE MODDP2 OMF2 VB(1) NOIP "INCDIR(., Generated_Source\PSoC3)" FF(3) DB DF(DEBUG) WL(2) PR(.\DP8051\DP8051_Keil_951\Debug/CapSense_IdacCH0_PM.lst) CD OT(2 ,Size) OJ(.\DP8051\DP8051_Keil_951\Debug\CapSense_IdacCH0_PM.obj)
Ax51.exe Generated_Source\PSoC3\CyBootAsmKeil.a51 CASE EP "INCDIR(., Generated_Source\PSoC3)" DB MACRO DF(DEBUG) NOCO PR(.\DP8051\DP8051_Keil_951\Debug/CyBootAsmKeil.lst) OJ(.\DP8051\DP8051_Keil_951\Debug\CyBootAsmKeil.obj)
Ax51.exe Generated_Source\PSoC3\KeilStart.a51 CASE EP "INCDIR(., Generated_Source\PSoC3)" DB MACRO DF(DEBUG) NOCO PR(.\DP8051\DP8051_Keil_951\Debug/KeilStart.lst) OJ(.\DP8051\DP8051_Keil_951\Debug\KeilStart.obj)
LIBX51.exe TRANSFER '.\DP8051\DP8051_Keil_951\Debug\LCD_BarGraph.obj', '.\DP8051\DP8051_Keil_951\Debug\LCD.obj', '.\DP8051\DP8051_Keil_951\Debug\LCD_PM.obj', '.\DP8051\DP8051_Keil_951\Debug\Pin_1.obj', '.\DP8051\DP8051_Keil_951\Debug\Pin_2.obj', '.\DP8051\DP8051_Keil_951\Debug\LCD_LCDPort.obj', '.\DP8051\DP8051_Keil_951\Debug\CyDmac.obj', '.\DP8051\DP8051_Keil_951\Debug\CyFlash.obj', '.\DP8051\DP8051_Keil_951\Debug\CyLib.obj', '.\DP8051\DP8051_Keil_951\Debug\cyPm.obj', '.\DP8051\DP8051_Keil_951\Debug\CySpc.obj', '.\DP8051\DP8051_Keil_951\Debug\cyutils.obj', '.\DP8051\DP8051_Keil_951\Debug\cy_em_eeprom.obj', '.\DP8051\DP8051_Keil_951\Debug\CapSense.obj', '.\DP8051\DP8051_Keil_951\Debug\CapSense_CSHL.obj', '.\DP8051\DP8051_Keil_951\Debug\CapSense_INT.obj', '.\DP8051\DP8051_Keil_951\Debug\CapSense_Pins.obj', '.\DP8051\DP8051_Keil_951\Debug\CapSense_PM.obj', '.\DP8051\DP8051_Keil_951\Debug\CapSense_SMS_Wrapper.obj', '.\DP8051\DP8051_Keil_951\Debug\CapSense_TunerHelper.obj', '.\DP8051\DP8051_Keil_951\Debug\CapSense_IntClock.obj', '.\DP8051\DP8051_Keil_951\Debug\CapSense_CompCH0.obj', '.\DP8051\DP8051_Keil_951\Debug\CapSense_CompCH0_PM.obj', '.\DP8051\DP8051_Keil_951\Debug\CapSense_AMuxCH0.obj', '.\DP8051\DP8051_Keil_951\Debug\CapSense_IdacCH0.obj', '.\DP8051\DP8051_Keil_951\Debug\CapSense_IdacCH0_PM.obj', '.\DP8051\DP8051_Keil_951\Debug\CyBootAsmKeil.obj', '.\DP8051\DP8051_Keil_951\Debug\cymem.obj', '.\DP8051\DP8051_Keil_951\Debug\KeilStart.obj' TO '.\DP8051\DP8051_Keil_951\Debug\Lab3.lib'
LX51.exe '.\DP8051\DP8051_Keil_951\Debug\main.obj', '.\DP8051\DP8051_Keil_951\Debug\cyfitter_cfg.obj', '.\DP8051\DP8051_Keil_951\Debug\Lab3.lib', 'C:\Program Files (x86)\Cypress\PSoC Creator\4.4\PSoC Creator\psoc\content\CyComponentLibrary\CyComponentLibrary.cylib\CapSense_CSD_v3_50\Library\CapSenseLibrary_DP8051.lib', 'C:\Program Files (x86)\Cypress\PSoC Creator\4.4\PSoC Creator\psoc\content\cycomponentlibrary\CyComponentLibrary.cylib\DP8051\DP8051_Keil_951\Debug\CyComponentLibrary.lib' TO '.\DP8051\DP8051_Keil_951\Debug\Lab3.omf' CODE RU RC(10) DW(16) WL(2) PR(.\DP8051\DP8051_Keil_951\Debug/Lab3.map) IX CL(XDATA(X:0x0000-X:0x1FFF)) CL(CODE(C:0x0000-C:0xFFFF)) CL(CONST(C:0x0000-C:0xFFFF))
*** WARNING L15: MULTIPLE CALL TO FUNCTION
    NAME:    _CAPSENSE_AMUXCH0_UNSET/CYFITTER_CFG
    CALLER1: ?C_C51STARTUP
    CALLER2: CAPSENSE_ISRCH0_ISR/CAPSENSE_INT
*** WARNING L15: MULTIPLE CALL TO FUNCTION
    NAME:    _CAPSENSE_IDACCH0_SETVALUE/CAPSENSE_IDACCH0
    CALLER1: ?C_C51STARTUP
    CALLER2: CAPSENSE_ISRCH0_ISR/CAPSENSE_INT
*** WARNING L15: MULTIPLE CALL TO FUNCTION
    NAME:    _CAPSENSE_AMUXCH0_SET/CYFITTER_CFG
    CALLER1: ?C_C51STARTUP
    CALLER2: CAPSENSE_ISRCH0_ISR/CAPSENSE_INT
Program Size: data=14.0 xdata=188 const=220 code=8460
OHx51.exe Lab3.omf HEXFILE(Lab3.ihx)
c8051-elf-omf2elf.exe Lab3.omf Lab3.elf
CyHexTool -o "C:\Users\Asus\Documents\PSoC Creator\Lab3.cydsn\DP8051\DP8051_Keil_951\Debug\Lab3.hex" -f "C:\Users\Asus\Documents\PSoC Creator\Lab3.cydsn\DP8051\DP8051_Keil_951\Debug\Lab3.ihx" -prot Generated_Source\PSoC3\protect.hex -id 1E028069 -a EEPROM=90200000:800,PROGRAM=00000000:10000,CONFIG=80000000:2000,PROTECT=90400000:40 -meta 0301 -cunv 00004005 -wonv BC90ACAF -ecc Generated_Source\PSoC3\config.hex
Flash used: 8680 of 65536 bytes (13.2%).
SRAM used: 188 of 8192 bytes (2.3%).
--------------- Build Succeeded: 11/29/2022 20:10:24 ---------------
