--------------- Rebuild Started: 11/29/2022 18:23:00 Project: Lab3, Configuration: DP8051 Keil 9.51 Debug ---------------
Deleting file ".\DP8051\DP8051_Keil_951\Debug\cyfitter_cfg.obj"
Deleting file ".\DP8051\DP8051_Keil_951\Debug\LCD_BarGraph.obj"
Deleting file ".\DP8051\DP8051_Keil_951\Debug\LCD.obj"
Deleting file ".\DP8051\DP8051_Keil_951\Debug\LCD_PM.obj"
Deleting file ".\DP8051\DP8051_Keil_951\Debug\Pin_1.obj"
Deleting file ".\DP8051\DP8051_Keil_951\Debug\Pin_2.obj"
Deleting file ".\DP8051\DP8051_Keil_951\Debug\LCD_LCDPort.obj"
Deleting file ".\DP8051\DP8051_Keil_951\Debug\CyBootAsmKeil.obj"
Deleting file ".\DP8051\DP8051_Keil_951\Debug\CyDmac.obj"
Deleting file ".\DP8051\DP8051_Keil_951\Debug\CyFlash.obj"
Deleting file ".\DP8051\DP8051_Keil_951\Debug\CyLib.obj"
Deleting file ".\DP8051\DP8051_Keil_951\Debug\cymem.obj"
Deleting file ".\DP8051\DP8051_Keil_951\Debug\cyPm.obj"
Deleting file ".\DP8051\DP8051_Keil_951\Debug\CySpc.obj"
Deleting file ".\DP8051\DP8051_Keil_951\Debug\cyutils.obj"
Deleting file ".\DP8051\DP8051_Keil_951\Debug\KeilStart.obj"
Deleting file ".\DP8051\DP8051_Keil_951\Debug\cy_em_eeprom.obj"
Deleting file ".\DP8051\DP8051_Keil_951\Debug\CapSense.obj"
Deleting file ".\DP8051\DP8051_Keil_951\Debug\CapSense_CSHL.obj"
Deleting file ".\DP8051\DP8051_Keil_951\Debug\CapSense_INT.obj"
Deleting file ".\DP8051\DP8051_Keil_951\Debug\CapSense_Pins.obj"
Deleting file ".\DP8051\DP8051_Keil_951\Debug\CapSense_PM.obj"
Deleting file ".\DP8051\DP8051_Keil_951\Debug\CapSense_SMS_Wrapper.obj"
Deleting file ".\DP8051\DP8051_Keil_951\Debug\CapSense_TunerHelper.obj"
Deleting file ".\DP8051\DP8051_Keil_951\Debug\CapSense_IntClock.obj"
Deleting file ".\DP8051\DP8051_Keil_951\Debug\CapSense_CompCH0.obj"
Deleting file ".\DP8051\DP8051_Keil_951\Debug\CapSense_CompCH0_PM.obj"
Deleting file ".\DP8051\DP8051_Keil_951\Debug\CapSense_AMuxCH0.obj"
Deleting file ".\DP8051\DP8051_Keil_951\Debug\CapSense_IdacCH0.obj"
Deleting file ".\DP8051\DP8051_Keil_951\Debug\CapSense_IdacCH0_PM.obj"
Deleting file ".\DP8051\DP8051_Keil_951\Debug\Lab3.hex"
Deleting file ".\DP8051\DP8051_Keil_951\Debug\Lab3.elf"
Deleting file ".\DP8051\DP8051_Keil_951\Debug\Lab3.map"
Deleting file ".\Lab3.cycdx"
Deleting file ".\Lab3.svd"
Deleting file ".\Lab3.rpt"
Deleting file ".\Lab3_timing.html"
Deleting file ".\DP8051\DP8051_Keil_951\Debug\.deps\SOURCE_C__DP8051_KEIL_GENERIC.P"
Deleting file ".\DP8051\DP8051_Keil_951\Debug\.deps\SOURCE_ASM__DP8051_KEIL_GENERIC.P"
cydsfit.exe -.appdatapath "C:\Users\Asus\AppData\Local\Cypress Semiconductor\PSoC Creator\4.4" -.fdsnotice -.fdswarpdepfile=warp_dependencies.txt -.fdselabdepfile=elab_dependencies.txt -.fdsbldfile=generated_files.txt -.fdsreffile=referenced_files.txt -p "C:\Users\Asus\Documents\PSoC Creator\Lab3.cydsn\Lab3.cyprj" -d CY8C3866AXI-040 -s "C:\Users\Asus\Documents\PSoC Creator\Lab3.cydsn\Generated_Source\PSoC3" -- -yv2 -q10 -ygs -o2 -v3 -.fftcfgtype=BE
Elaborating Design...
HDL Generation...
Synthesis...
Tech Mapping...
Analog Placement...
Log: apr.M0058: The analog placement iterative improvement is 59% done. (App=cydsfit)
Log: apr.M0058: The analog placement iterative improvement is 79% done. (App=cydsfit)
Analog Routing...
Analog Code Generation...
Digital Placement...
Digital Routing...
Bitstream Generation...
Bitstream Verification...
Static timing analysis...
API Generation...
Dependency Generation...
Cleanup...
c51.exe main.c NOIV LARGE MODDP2 OMF2 VB(1) NOIP "INCDIR(., Generated_Source\PSoC3)" FF(3) DB DF(DEBUG) WL(2) PR(.\DP8051\DP8051_Keil_951\Debug/main.lst) CD OT(2 ,Size) OJ(.\DP8051\DP8051_Keil_951\Debug\main.obj)
WARNING: main.c:68: 'LCD_WrDatNib': missing function-prototype
ERROR: main.c:68: 'LCD_WrDatNib': requires ANSI-style prototype
The command 'c51.exe' failed with exit code '2'.
--------------- Rebuild Failed: 11/29/2022 18:23:13 ---------------
